c:\01_work\mfcws\comcontrolpa\comcontrolpa\debug\comcontrolpa.pch
c:\01_work\mfcws\comcontrolpa\comcontrolpa\debug\vc140.pdb
c:\01_work\mfcws\comcontrolpa\comcontrolpa\debug\vc140.idb
c:\01_work\mfcws\comcontrolpa\comcontrolpa\debug\stdafx.obj
c:\01_work\mfcws\comcontrolpa\comcontrolpa\debug\comcontrolpa.obj
c:\01_work\mfcws\comcontrolpa\comcontrolpa\debug\comcontrolpadlg.obj
c:\01_work\mfcws\comcontrolpa\comcontrolpa\debug\outputtab0dlg.obj
c:\01_work\mfcws\comcontrolpa\comcontrolpa\debug\pa_adasdlg.obj
c:\01_work\mfcws\comcontrolpa\comcontrolpa\debug\pa_chimedlg.obj
c:\01_work\mfcws\comcontrolpa\comcontrolpa\debug\pa_climatedlg.obj
c:\01_work\mfcws\comcontrolpa\comcontrolpa\debug\pa_domaindlg.obj
c:\01_work\mfcws\comcontrolpa\comcontrolpa\debug\pa_dvrdlg.obj
c:\01_work\mfcws\comcontrolpa\comcontrolpa\debug\pa_gaugedlg.obj
c:\01_work\mfcws\comcontrolpa\comcontrolpa\debug\pa_hardkeydlg.obj
c:\01_work\mfcws\comcontrolpa\comcontrolpa\debug\pa_mediadlg.obj
c:\01_work\mfcws\comcontrolpa\comcontrolpa\debug\pa_navidlg.obj
c:\01_work\mfcws\comcontrolpa\comcontrolpa\debug\pa_notificationdlg.obj
c:\01_work\mfcws\comcontrolpa\comcontrolpa\debug\pa_phonedlg.obj
c:\01_work\mfcws\comcontrolpa\comcontrolpa\debug\pa_rearmirrordlg.obj
c:\01_work\mfcws\comcontrolpa\comcontrolpa\debug\pa_telltaledlg.obj
c:\01_work\mfcws\comcontrolpa\comcontrolpa\debug\pa_tripdlg.obj
c:\01_work\mfcws\comcontrolpa\debug\comcontrolpa.ilk
c:\01_work\mfcws\comcontrolpa\debug\comcontrolpa.exe
c:\01_work\mfcws\comcontrolpa\debug\comcontrolpa.pdb
c:\01_work\mfcws\comcontrolpa\comcontrolpa\debug\comcontrolpa.res
c:\01_work\mfcws\comcontrolpa\comcontrolpa\debug\comcontrolpa.tlog\cl.command.1.tlog
c:\01_work\mfcws\comcontrolpa\comcontrolpa\debug\comcontrolpa.tlog\cl.read.1.tlog
c:\01_work\mfcws\comcontrolpa\comcontrolpa\debug\comcontrolpa.tlog\cl.write.1.tlog
c:\01_work\mfcws\comcontrolpa\comcontrolpa\debug\comcontrolpa.tlog\link.command.1.tlog
c:\01_work\mfcws\comcontrolpa\comcontrolpa\debug\comcontrolpa.tlog\link.read.1.tlog
c:\01_work\mfcws\comcontrolpa\comcontrolpa\debug\comcontrolpa.tlog\link.write.1.tlog
c:\01_work\mfcws\comcontrolpa\comcontrolpa\debug\comcontrolpa.tlog\rc.command.1.tlog
c:\01_work\mfcws\comcontrolpa\comcontrolpa\debug\comcontrolpa.tlog\rc.read.1.tlog
c:\01_work\mfcws\comcontrolpa\comcontrolpa\debug\comcontrolpa.tlog\rc.write.1.tlog
